{"C:\\2020\\learning\\Nhipster\\api-server\\src\\app.module.ts": {"path":"C:\\2020\\learning\\Nhipster\\api-server\\src\\app.module.ts","statementMap":{"0":{"start":{"line":1,"column":0},"end":{"line":1,"column":40}},"1":{"start":{"line":2,"column":0},"end":{"line":2,"column":48}},"2":{"start":{"line":3,"column":0},"end":{"line":3,"column":41}},"3":{"start":{"line":4,"column":0},"end":{"line":4,"column":50}},"4":{"start":{"line":22,"column":0},"end":{"line":22,"column":null}},"5":{"start":{"line":22,"column":13},"end":{"line":22,"column":null}},"6":{"start":{"line":22,"column":13},"end":{"line":22,"column":22}}},"fnMap":{},"branchMap":{},"s":{"0":2,"1":2,"2":2,"3":2,"4":2,"5":2,"6":2},"f":{},"b":{}}
,"C:\\2020\\learning\\Nhipster\\api-server\\src\\config.ts": {"path":"C:\\2020\\learning\\Nhipster\\api-server\\src\\config.ts","statementMap":{"0":{"start":{"line":1,"column":0},"end":{"line":1,"column":27}},"1":{"start":{"line":2,"column":0},"end":{"line":2,"column":25}},"2":{"start":{"line":3,"column":0},"end":{"line":3,"column":29}},"3":{"start":{"line":4,"column":0},"end":{"line":4,"column":40}},"4":{"start":{"line":6,"column":15},"end":{"line":6,"column":35}},"5":{"start":{"line":9,"column":4},"end":{"line":9,"column":27}},"6":{"start":{"line":11,"column":4},"end":{"line":11,"column":27}},"7":{"start":{"line":12,"column":4},"end":{"line":12,"column":42}},"8":{"start":{"line":13,"column":4},"end":{"line":13,"column":59}},"9":{"start":{"line":14,"column":4},"end":{"line":14,"column":45}},"10":{"start":{"line":15,"column":4},"end":{"line":15,"column":65}},"11":{"start":{"line":16,"column":4},"end":{"line":16,"column":41}},"12":{"start":{"line":17,"column":4},"end":{"line":17,"column":49}},"13":{"start":{"line":20,"column":8},"end":{"line":20,"column":32}},"14":{"start":{"line":24,"column":8},"end":{"line":24,"column":25}},"15":{"start":{"line":28,"column":8},"end":{"line":28,"column":47}},"16":{"start":{"line":29,"column":8},"end":{"line":33,"column":null}},"17":{"start":{"line":30,"column":12},"end":{"line":32,"column":null}},"18":{"start":{"line":31,"column":16},"end":{"line":31,"column":54}},"19":{"start":{"line":34,"column":8},"end":{"line":34,"column":27}},"20":{"start":{"line":38,"column":23},"end":{"line":38,"column":53}},"21":{"start":{"line":39,"column":8},"end":{"line":45,"column":null}},"22":{"start":{"line":40,"column":12},"end":{"line":44,"column":null}},"23":{"start":{"line":41,"column":30},"end":{"line":41,"column":44}},"24":{"start":{"line":42,"column":39},"end":{"line":42,"column":77}},"25":{"start":{"line":43,"column":16},"end":{"line":43,"column":48}},"26":{"start":{"line":50,"column":8},"end":{"line":55,"column":null}},"27":{"start":{"line":51,"column":12},"end":{"line":54,"column":14}},"28":{"start":{"line":53,"column":24},"end":{"line":53,"column":69}},"29":{"start":{"line":56,"column":8},"end":{"line":56,"column":24}},"30":{"start":{"line":8,"column":0},"end":{"line":8,"column":13}},"31":{"start":{"line":60,"column":23},"end":{"line":60,"column":72}},"32":{"start":{"line":61,"column":26},"end":{"line":64,"column":null}},"33":{"start":{"line":67,"column":19},"end":{"line":67,"column":73}},"34":{"start":{"line":68,"column":0},"end":{"line":68,"column":73}},"35":{"start":{"line":69,"column":0},"end":{"line":69,"column":61}},"36":{"start":{"line":70,"column":0},"end":{"line":74,"column":null}},"37":{"start":{"line":71,"column":4},"end":{"line":73,"column":6}},"38":{"start":{"line":75,"column":22},"end":{"line":75,"column":79}},"39":{"start":{"line":77,"column":15},"end":{"line":80,"column":null}},"40":{"start":{"line":83,"column":9},"end":{"line":83,"column":15}},"41":{"start":{"line":86,"column":4},"end":{"line":86,"column":26}},"42":{"start":{"line":87,"column":4},"end":{"line":98,"column":null}},"43":{"start":{"line":88,"column":8},"end":{"line":97,"column":null}},"44":{"start":{"line":89,"column":27},"end":{"line":89,"column":78}},"45":{"start":{"line":90,"column":27},"end":{"line":90,"column":43}},"46":{"start":{"line":92,"column":12},"end":{"line":96,"column":null}},"47":{"start":{"line":93,"column":16},"end":{"line":93,"column":54}},"48":{"start":{"line":95,"column":16},"end":{"line":95,"column":40}},"49":{"start":{"line":99,"column":4},"end":{"line":99,"column":18}},"50":{"start":{"line":103,"column":23},"end":{"line":103,"column":56}},"51":{"start":{"line":104,"column":4},"end":{"line":117,"column":null}},"52":{"start":{"line":105,"column":8},"end":{"line":116,"column":null}},"53":{"start":{"line":106,"column":26},"end":{"line":106,"column":41}},"54":{"start":{"line":107,"column":12},"end":{"line":115,"column":null}},"55":{"start":{"line":108,"column":16},"end":{"line":114,"column":null}},"56":{"start":{"line":113,"column":20},"end":{"line":113,"column":41}},"57":{"start":{"line":119,"column":4},"end":{"line":119,"column":16}}},"fnMap":{"0":{"name":"(anonymous_2)","decl":{"start":{"line":19,"column":4},"end":{"line":19,"column":16}},"loc":{"start":{"line":19,"column":26},"end":{"line":21,"column":5}}},"1":{"name":"(anonymous_3)","decl":{"start":{"line":23,"column":11},"end":{"line":23,"column":14}},"loc":{"start":{"line":23,"column":26},"end":{"line":25,"column":5}}},"2":{"name":"(anonymous_4)","decl":{"start":{"line":27,"column":11},"end":{"line":27,"column":17}},"loc":{"start":{"line":27,"column":28},"end":{"line":35,"column":5}}},"3":{"name":"(anonymous_5)","decl":{"start":{"line":37,"column":11},"end":{"line":37,"column":22}},"loc":{"start":{"line":37,"column":22},"end":{"line":46,"column":5}}},"4":{"name":"(anonymous_6)","decl":{"start":{"line":48,"column":12},"end":{"line":48,"column":27}},"loc":{"start":{"line":48,"column":47},"end":{"line":57,"column":5}}},"5":{"name":"(anonymous_7)","decl":{"start":{"line":53,"column":16},"end":{"line":53,"column":20}},"loc":{"start":{"line":53,"column":24},"end":{"line":53,"column":69}}},"6":{"name":"objectToArray","decl":{"start":{"line":85,"column":9},"end":{"line":85,"column":22}},"loc":{"start":{"line":85,"column":51},"end":{"line":100,"column":1}}},"7":{"name":"ipAddress","decl":{"start":{"line":102,"column":9},"end":{"line":102,"column":18}},"loc":{"start":{"line":102,"column":18},"end":{"line":120,"column":1}}}},"branchMap":{"0":{"loc":{"start":{"line":30,"column":12},"end":{"line":32,"column":null}},"type":"if","locations":[{"start":{"line":30,"column":12},"end":{"line":32,"column":null}},{"start":{"line":30,"column":12},"end":{"line":32,"column":null}}]},"1":{"loc":{"start":{"line":40,"column":12},"end":{"line":44,"column":null}},"type":"if","locations":[{"start":{"line":40,"column":12},"end":{"line":44,"column":null}},{"start":{"line":40,"column":12},"end":{"line":44,"column":null}}]},"2":{"loc":{"start":{"line":50,"column":8},"end":{"line":55,"column":null}},"type":"if","locations":[{"start":{"line":50,"column":8},"end":{"line":55,"column":null}},{"start":{"line":50,"column":8},"end":{"line":55,"column":null}}]},"3":{"loc":{"start":{"line":70,"column":0},"end":{"line":74,"column":null}},"type":"if","locations":[{"start":{"line":70,"column":0},"end":{"line":74,"column":null}},{"start":{"line":70,"column":0},"end":{"line":74,"column":null}}]},"4":{"loc":{"start":{"line":86,"column":13},"end":{"line":86,"column":19}},"type":"binary-expr","locations":[{"start":{"line":86,"column":13},"end":{"line":86,"column":19}},{"start":{"line":86,"column":23},"end":{"line":86,"column":25}}]},"5":{"loc":{"start":{"line":88,"column":8},"end":{"line":97,"column":null}},"type":"if","locations":[{"start":{"line":88,"column":8},"end":{"line":97,"column":null}},{"start":{"line":88,"column":8},"end":{"line":97,"column":null}}]},"6":{"loc":{"start":{"line":89,"column":40},"end":{"line":89,"column":67}},"type":"cond-expr","locations":[{"start":{"line":89,"column":40},"end":{"line":89,"column":67}},{"start":{"line":89,"column":70},"end":{"line":89,"column":78}}]},"7":{"loc":{"start":{"line":92,"column":12},"end":{"line":96,"column":null}},"type":"if","locations":[{"start":{"line":92,"column":12},"end":{"line":96,"column":null}},{"start":{"line":92,"column":12},"end":{"line":96,"column":null}}]},"8":{"loc":{"start":{"line":105,"column":8},"end":{"line":116,"column":null}},"type":"if","locations":[{"start":{"line":105,"column":8},"end":{"line":116,"column":null}},{"start":{"line":105,"column":8},"end":{"line":116,"column":null}}]},"9":{"loc":{"start":{"line":108,"column":16},"end":{"line":114,"column":null}},"type":"if","locations":[{"start":{"line":108,"column":16},"end":{"line":114,"column":null}},{"start":{"line":108,"column":16},"end":{"line":114,"column":null}}]},"10":{"loc":{"start":{"line":109,"column":20},"end":{"line":109,"column":43}},"type":"binary-expr","locations":[{"start":{"line":109,"column":20},"end":{"line":109,"column":43}},{"start":{"line":110,"column":10},"end":{"line":110,"column":39}},{"start":{"line":111,"column":10},"end":{"line":111,"column":25}}]}},"s":{"0":2,"1":2,"2":2,"3":2,"4":2,"5":2,"6":2,"7":2,"8":2,"9":2,"10":2,"11":2,"12":2,"13":2,"14":2,"15":2,"16":2,"17":76,"18":76,"19":2,"20":2,"21":2,"22":78,"23":78,"24":78,"25":78,"26":78,"27":52,"28":16,"29":26,"30":2,"31":2,"32":2,"33":2,"34":2,"35":2,"36":2,"37":0,"38":2,"39":2,"40":2,"41":70,"42":70,"43":216,"44":216,"45":216,"46":216,"47":64,"48":152,"49":70,"50":2,"51":2,"52":2,"53":2,"54":2,"55":4,"56":2,"57":0},"f":{"0":2,"1":2,"2":2,"3":2,"4":78,"5":16,"6":70,"7":2},"b":{"0":[76,0],"1":[78,0],"2":[52,26],"3":[0,2],"4":[70,6],"5":[216,0],"6":[128,88],"7":[64,152],"8":[2,0],"9":[2,2],"10":[4,2,2]}}
,"C:\\2020\\learning\\Nhipster\\api-server\\src\\orm.config.ts": {"path":"C:\\2020\\learning\\Nhipster\\api-server\\src\\orm.config.ts","statementMap":{"0":{"start":{"line":3,"column":19},"end":{"line":11,"column":2}},"1":{"start":{"line":13,"column":38},"end":{"line":23,"column":2}},"2":{"start":{"line":54,"column":9},"end":{"line":54,"column":18}},"3":{"start":{"line":25,"column":0},"end":{"line":38,"column":null}},"4":{"start":{"line":26,"column":4},"end":{"line":37,"column":6}},"5":{"start":{"line":40,"column":0},"end":{"line":52,"column":null}},"6":{"start":{"line":41,"column":4},"end":{"line":51,"column":6}}},"fnMap":{},"branchMap":{"0":{"loc":{"start":{"line":25,"column":0},"end":{"line":38,"column":null}},"type":"if","locations":[{"start":{"line":25,"column":0},"end":{"line":38,"column":null}},{"start":{"line":25,"column":0},"end":{"line":38,"column":null}}]},"1":{"loc":{"start":{"line":40,"column":0},"end":{"line":52,"column":null}},"type":"if","locations":[{"start":{"line":40,"column":0},"end":{"line":52,"column":null}},{"start":{"line":40,"column":0},"end":{"line":52,"column":null}}]}},"s":{"0":2,"1":2,"2":2,"3":2,"4":0,"5":2,"6":2},"f":{},"b":{"0":[0,2],"1":[2,0]}}
,"C:\\2020\\learning\\Nhipster\\api-server\\src\\client\\header-util.ts": {"path":"C:\\2020\\learning\\Nhipster\\api-server\\src\\client\\header-util.ts","statementMap":{"0":{"start":{"line":1,"column":0},"end":{"line":1,"column":35}},"1":{"start":{"line":5,"column":24},"end":{"line":5,"column":61}},"2":{"start":{"line":6,"column":26},"end":{"line":6,"column":30}},"3":{"start":{"line":10,"column":8},"end":{"line":10,"column":60}},"4":{"start":{"line":11,"column":8},"end":{"line":11,"column":59}},"5":{"start":{"line":15,"column":8},"end":{"line":15,"column":24}},"6":{"start":{"line":16,"column":24},"end":{"line":18,"column":76}},"7":{"start":{"line":19,"column":8},"end":{"line":19,"column":46}},"8":{"start":{"line":23,"column":24},"end":{"line":25,"column":72}},"9":{"start":{"line":26,"column":8},"end":{"line":26,"column":46}},"10":{"start":{"line":30,"column":8},"end":{"line":30,"column":24}},"11":{"start":{"line":31,"column":24},"end":{"line":33,"column":72}},"12":{"start":{"line":34,"column":8},"end":{"line":34,"column":46}},"13":{"start":{"line":38,"column":20},"end":{"line":38,"column":31}},"14":{"start":{"line":39,"column":8},"end":{"line":39,"column":56}},"15":{"start":{"line":40,"column":27},"end":{"line":40,"column":45}},"16":{"start":{"line":41,"column":25},"end":{"line":41,"column":43}},"17":{"start":{"line":42,"column":22},"end":{"line":42,"column":24}},"18":{"start":{"line":43,"column":8},"end":{"line":45,"column":null}},"19":{"start":{"line":44,"column":12},"end":{"line":44,"column":80}},"20":{"start":{"line":46,"column":8},"end":{"line":48,"column":null}},"21":{"start":{"line":47,"column":12},"end":{"line":47,"column":80}},"22":{"start":{"line":49,"column":8},"end":{"line":49,"column":76}},"23":{"start":{"line":50,"column":8},"end":{"line":50,"column":64}},"24":{"start":{"line":51,"column":8},"end":{"line":51,"column":43}},"25":{"start":{"line":55,"column":8},"end":{"line":55,"column":48}},"26":{"start":{"line":56,"column":8},"end":{"line":56,"column":49}},"27":{"start":{"line":57,"column":8},"end":{"line":57,"column":47}},"28":{"start":{"line":58,"column":8},"end":{"line":58,"column":61}},"29":{"start":{"line":59,"column":8},"end":{"line":59,"column":46}},"30":{"start":{"line":8,"column":0},"end":{"line":8,"column":13}}},"fnMap":{"0":{"name":"(anonymous_0)","decl":{"start":{"line":9,"column":4},"end":{"line":9,"column":10}},"loc":{"start":{"line":9,"column":68},"end":{"line":12,"column":5}}},"1":{"name":"(anonymous_1)","decl":{"start":{"line":14,"column":4},"end":{"line":14,"column":10}},"loc":{"start":{"line":14,"column":67},"end":{"line":20,"column":5}}},"2":{"name":"(anonymous_2)","decl":{"start":{"line":22,"column":4},"end":{"line":22,"column":10}},"loc":{"start":{"line":22,"column":67},"end":{"line":27,"column":5}}},"3":{"name":"(anonymous_3)","decl":{"start":{"line":29,"column":4},"end":{"line":29,"column":10}},"loc":{"start":{"line":29,"column":67},"end":{"line":35,"column":5}}},"4":{"name":"(anonymous_4)","decl":{"start":{"line":37,"column":4},"end":{"line":37,"column":10}},"loc":{"start":{"line":37,"column":63},"end":{"line":52,"column":5}}},"5":{"name":"(anonymous_5)","decl":{"start":{"line":54,"column":12},"end":{"line":54,"column":18}},"loc":{"start":{"line":54,"column":65},"end":{"line":60,"column":5}}}},"branchMap":{"0":{"loc":{"start":{"line":17,"column":14},"end":{"line":17,"column":61}},"type":"cond-expr","locations":[{"start":{"line":17,"column":14},"end":{"line":17,"column":61}},{"start":{"line":18,"column":14},"end":{"line":18,"column":76}}]},"1":{"loc":{"start":{"line":24,"column":14},"end":{"line":24,"column":61}},"type":"cond-expr","locations":[{"start":{"line":24,"column":14},"end":{"line":24,"column":61}},{"start":{"line":25,"column":14},"end":{"line":25,"column":72}}]},"2":{"loc":{"start":{"line":32,"column":14},"end":{"line":32,"column":61}},"type":"cond-expr","locations":[{"start":{"line":32,"column":14},"end":{"line":32,"column":61}},{"start":{"line":33,"column":14},"end":{"line":33,"column":72}}]},"3":{"loc":{"start":{"line":43,"column":8},"end":{"line":45,"column":null}},"type":"if","locations":[{"start":{"line":43,"column":8},"end":{"line":45,"column":null}},{"start":{"line":43,"column":8},"end":{"line":45,"column":null}}]},"4":{"loc":{"start":{"line":46,"column":8},"end":{"line":48,"column":null}},"type":"if","locations":[{"start":{"line":46,"column":8},"end":{"line":48,"column":null}},{"start":{"line":46,"column":8},"end":{"line":48,"column":null}}]}},"s":{"0":2,"1":2,"2":2,"3":3,"4":3,"5":2,"6":2,"7":2,"8":0,"9":0,"10":1,"11":1,"12":1,"13":2,"14":2,"15":2,"16":2,"17":2,"18":2,"19":0,"20":2,"21":0,"22":2,"23":2,"24":2,"25":4,"26":4,"27":4,"28":4,"29":4,"30":2},"f":{"0":3,"1":2,"2":0,"3":1,"4":2,"5":4},"b":{"0":[2,0],"1":[0,0],"2":[1,0],"3":[0,2],"4":[0,2]}}
,"C:\\2020\\learning\\Nhipster\\api-server\\src\\client\\interceptors\\logging.interceptor.ts": {"path":"C:\\2020\\learning\\Nhipster\\api-server\\src\\client\\interceptors\\logging.interceptor.ts","statementMap":{"0":{"start":{"line":1,"column":0},"end":{"line":1,"column":null}},"1":{"start":{"line":12,"column":0},"end":{"line":23,"column":null}},"2":{"start":{"line":14,"column":29},"end":{"line":14,"column":64}},"3":{"start":{"line":15,"column":8},"end":{"line":20,"column":10}},"4":{"start":{"line":21,"column":8},"end":{"line":21,"column":29}},"5":{"start":{"line":12,"column":13},"end":{"line":23,"column":null}},"6":{"start":{"line":12,"column":13},"end":{"line":12,"column":31}}},"fnMap":{"0":{"name":"(anonymous_1)","decl":{"start":{"line":13,"column":4},"end":{"line":13,"column":13}},"loc":{"start":{"line":13,"column":58},"end":{"line":22,"column":5}}}},"branchMap":{},"s":{"0":2,"1":2,"2":6,"3":6,"4":6,"5":2,"6":2},"f":{"0":6},"b":{}}
,"C:\\2020\\learning\\Nhipster\\api-server\\src\\domain\\book.entity.ts": {"path":"C:\\2020\\learning\\Nhipster\\api-server\\src\\domain\\book.entity.ts","statementMap":{"0":{"start":{"line":2,"column":0},"end":{"line":2,"column":null}},"1":{"start":{"line":13,"column":0},"end":{"line":13,"column":48}},"2":{"start":{"line":20,"column":0},"end":{"line":37,"column":null}},"3":{"start":{"line":22,"column":4},"end":{"line":22,"column":null}},"4":{"start":{"line":25,"column":4},"end":{"line":25,"column":null}},"5":{"start":{"line":28,"column":4},"end":{"line":28,"column":null}},"6":{"start":{"line":31,"column":4},"end":{"line":31,"column":null}},"7":{"start":{"line":34,"column":4},"end":{"line":34,"column":null}},"8":{"start":{"line":20,"column":21},"end":{"line":37,"column":null}},"9":{"start":{"line":20,"column":21},"end":{"line":20,"column":26}}},"fnMap":{},"branchMap":{},"s":{"0":2,"1":2,"2":2,"3":2,"4":2,"5":2,"6":2,"7":2,"8":2,"9":2},"f":{},"b":{}}
,"C:\\2020\\learning\\Nhipster\\api-server\\src\\domain\\base\\base.entity.ts": {"path":"C:\\2020\\learning\\Nhipster\\api-server\\src\\domain\\base\\base.entity.ts","statementMap":{"0":{"start":{"line":1,"column":0},"end":{"line":1,"column":73}},"1":{"start":{"line":2,"column":0},"end":{"line":2,"column":51}},"2":{"start":{"line":11,"column":4},"end":{"line":11,"column":null}},"3":{"start":{"line":14,"column":4},"end":{"line":14,"column":null}},"4":{"start":{"line":16,"column":4},"end":{"line":16,"column":null}},"5":{"start":{"line":18,"column":4},"end":{"line":18,"column":null}},"6":{"start":{"line":20,"column":4},"end":{"line":20,"column":null}},"7":{"start":{"line":4,"column":0},"end":{"line":4,"column":22}}},"fnMap":{},"branchMap":{},"s":{"0":2,"1":2,"2":2,"3":2,"4":2,"5":2,"6":2,"7":2},"f":{},"b":{}}
,"C:\\2020\\learning\\Nhipster\\api-server\\src\\domain\\base\\pagination.entity.ts": {"path":"C:\\2020\\learning\\Nhipster\\api-server\\src\\domain\\base\\pagination.entity.ts","statementMap":{"0":{"start":{"line":3,"column":0},"end":{"line":3,"column":65}},"1":{"start":{"line":9,"column":8},"end":{"line":11,"column":null}},"2":{"start":{"line":10,"column":12},"end":{"line":10,"column":62}},"3":{"start":{"line":15,"column":22},"end":{"line":15,"column":24}},"4":{"start":{"line":16,"column":8},"end":{"line":16,"column":46}},"5":{"start":{"line":17,"column":8},"end":{"line":17,"column":21}},"6":{"start":{"line":5,"column":0},"end":{"line":5,"column":13}},"7":{"start":{"line":23,"column":4},"end":{"line":23,"column":13}},"8":{"start":{"line":25,"column":4},"end":{"line":25,"column":14}},"9":{"start":{"line":27,"column":4},"end":{"line":27,"column":36}},"10":{"start":{"line":30,"column":8},"end":{"line":30,"column":39}},"11":{"start":{"line":31,"column":8},"end":{"line":31,"column":39}},"12":{"start":{"line":32,"column":8},"end":{"line":32,"column":54}},"13":{"start":{"line":23,"column":4},"end":{"line":23,"column":null}},"14":{"start":{"line":25,"column":4},"end":{"line":25,"column":null}},"15":{"start":{"line":27,"column":4},"end":{"line":27,"column":null}},"16":{"start":{"line":26,"column":16},"end":{"line":26,"column":20}},"17":{"start":{"line":21,"column":0},"end":{"line":21,"column":13}},"18":{"start":{"line":38,"column":15},"end":{"line":38,"column":27}},"19":{"start":{"line":39,"column":15},"end":{"line":39,"column":28}},"20":{"start":{"line":40,"column":15},"end":{"line":40,"column":36}},"21":{"start":{"line":36,"column":0},"end":{"line":36,"column":13}}},"fnMap":{"0":{"name":"(anonymous_2)","decl":{"start":{"line":8,"column":4},"end":{"line":8,"column":16}},"loc":{"start":{"line":8,"column":28},"end":{"line":12,"column":5}}},"1":{"name":"(anonymous_3)","decl":{"start":{"line":14,"column":4},"end":{"line":14,"column":11}},"loc":{"start":{"line":14,"column":11},"end":{"line":18,"column":5}}},"2":{"name":"(anonymous_4)","decl":{"start":{"line":29,"column":4},"end":{"line":29,"column":16}},"loc":{"start":{"line":29,"column":74},"end":{"line":33,"column":5}}},"3":{"name":"(anonymous_5)","decl":{"start":{"line":26,"column":10},"end":{"line":26,"column":13}},"loc":{"start":{"line":26,"column":16},"end":{"line":26,"column":20}}},"4":{"name":"(anonymous_6)","decl":{"start":{"line":37,"column":4},"end":{"line":37,"column":null}},"loc":{"start":{"line":40,"column":36},"end":{"line":41,"column":8}}}},"branchMap":{"0":{"loc":{"start":{"line":9,"column":8},"end":{"line":11,"column":null}},"type":"if","locations":[{"start":{"line":9,"column":8},"end":{"line":11,"column":null}},{"start":{"line":9,"column":8},"end":{"line":11,"column":null}}]},"1":{"loc":{"start":{"line":30,"column":20},"end":{"line":30,"column":25}},"type":"binary-expr","locations":[{"start":{"line":30,"column":20},"end":{"line":30,"column":25}},{"start":{"line":30,"column":29},"end":{"line":30,"column":38}}]},"2":{"loc":{"start":{"line":31,"column":20},"end":{"line":31,"column":25}},"type":"binary-expr","locations":[{"start":{"line":31,"column":20},"end":{"line":31,"column":25}},{"start":{"line":31,"column":29},"end":{"line":31,"column":38}}]},"3":{"loc":{"start":{"line":32,"column":27},"end":{"line":32,"column":41}},"type":"cond-expr","locations":[{"start":{"line":32,"column":27},"end":{"line":32,"column":41}},{"start":{"line":32,"column":44},"end":{"line":32,"column":53}}]}},"s":{"0":2,"1":2,"2":2,"3":2,"4":2,"5":2,"6":2,"7":2,"8":2,"9":2,"10":2,"11":2,"12":2,"13":2,"14":2,"15":2,"16":0,"17":2,"18":2,"19":2,"20":2,"21":2},"f":{"0":2,"1":2,"2":2,"3":0,"4":2},"b":{"0":[2,0],"1":[2,2],"2":[2,2],"3":[0,2]}}
,"C:\\2020\\learning\\Nhipster\\api-server\\src\\module\\book.module.ts": {"path":"C:\\2020\\learning\\Nhipster\\api-server\\src\\module\\book.module.ts","statementMap":{"0":{"start":{"line":1,"column":0},"end":{"line":1,"column":40}},"1":{"start":{"line":2,"column":0},"end":{"line":2,"column":48}},"2":{"start":{"line":3,"column":0},"end":{"line":3,"column":61}},"3":{"start":{"line":4,"column":0},"end":{"line":4,"column":63}},"4":{"start":{"line":5,"column":0},"end":{"line":5,"column":54}},"5":{"start":{"line":13,"column":0},"end":{"line":13,"column":null}},"6":{"start":{"line":13,"column":13},"end":{"line":13,"column":null}},"7":{"start":{"line":13,"column":13},"end":{"line":13,"column":23}}},"fnMap":{},"branchMap":{},"s":{"0":2,"1":2,"2":2,"3":2,"4":2,"5":2,"6":2,"7":2},"f":{},"b":{}}
,"C:\\2020\\learning\\Nhipster\\api-server\\src\\repository\\book.repository.ts": {"path":"C:\\2020\\learning\\Nhipster\\api-server\\src\\repository\\book.repository.ts","statementMap":{"0":{"start":{"line":1,"column":0},"end":{"line":1,"column":55}},"1":{"start":{"line":2,"column":0},"end":{"line":2,"column":41}},"2":{"start":{"line":5,"column":0},"end":{"line":5,"column":null}},"3":{"start":{"line":5,"column":13},"end":{"line":5,"column":null}},"4":{"start":{"line":5,"column":13},"end":{"line":5,"column":27}}},"fnMap":{},"branchMap":{},"s":{"0":2,"1":2,"2":2,"3":2,"4":2},"f":{},"b":{}}
,"C:\\2020\\learning\\Nhipster\\api-server\\src\\service\\book.service.ts": {"path":"C:\\2020\\learning\\Nhipster\\api-server\\src\\service\\book.service.ts","statementMap":{"0":{"start":{"line":1,"column":0},"end":{"line":1,"column":52}},"1":{"start":{"line":2,"column":0},"end":{"line":2,"column":51}},"2":{"start":{"line":5,"column":0},"end":{"line":5,"column":63}},"3":{"start":{"line":8,"column":0},"end":{"line":40,"column":null}},"4":{"start":{"line":12,"column":50},"end":{"line":12,"column":66}},"5":{"start":{"line":9,"column":4},"end":{"line":9,"column":39}},"6":{"start":{"line":16,"column":8},"end":{"line":16,"column":53}},"7":{"start":{"line":20,"column":8},"end":{"line":20,"column":58}},"8":{"start":{"line":26,"column":8},"end":{"line":26,"column":63}},"9":{"start":{"line":30,"column":8},"end":{"line":30,"column":52}},"10":{"start":{"line":34,"column":8},"end":{"line":34,"column":37}},"11":{"start":{"line":38,"column":8},"end":{"line":38,"column":54}},"12":{"start":{"line":8,"column":13},"end":{"line":40,"column":null}},"13":{"start":{"line":8,"column":13},"end":{"line":8,"column":24}}},"fnMap":{"0":{"name":"(anonymous_4)","decl":{"start":{"line":11,"column":4},"end":{"line":11,"column":null}},"loc":{"start":{"line":12,"column":80},"end":{"line":13,"column":8}}},"1":{"name":"(anonymous_5)","decl":{"start":{"line":15,"column":4},"end":{"line":15,"column":9}},"loc":{"start":{"line":15,"column":29},"end":{"line":17,"column":5}}},"2":{"name":"(anonymous_6)","decl":{"start":{"line":19,"column":4},"end":{"line":19,"column":9}},"loc":{"start":{"line":19,"column":52},"end":{"line":21,"column":5}}},"3":{"name":"(anonymous_7)","decl":{"start":{"line":23,"column":4},"end":{"line":23,"column":9}},"loc":{"start":{"line":24,"column":38},"end":{"line":27,"column":5}}},"4":{"name":"(anonymous_8)","decl":{"start":{"line":29,"column":4},"end":{"line":29,"column":9}},"loc":{"start":{"line":29,"column":25},"end":{"line":31,"column":5}}},"5":{"name":"(anonymous_9)","decl":{"start":{"line":33,"column":4},"end":{"line":33,"column":9}},"loc":{"start":{"line":33,"column":27},"end":{"line":35,"column":5}}},"6":{"name":"(anonymous_10)","decl":{"start":{"line":37,"column":4},"end":{"line":37,"column":9}},"loc":{"start":{"line":37,"column":27},"end":{"line":39,"column":5}}}},"branchMap":{},"s":{"0":2,"1":2,"2":2,"3":2,"4":1,"5":1,"6":0,"7":0,"8":1,"9":0,"10":0,"11":0,"12":2,"13":2},"f":{"0":1,"1":0,"2":0,"3":1,"4":0,"5":0,"6":0},"b":{}}
,"C:\\2020\\learning\\Nhipster\\api-server\\src\\web\\rest\\book.controller.ts": {"path":"C:\\2020\\learning\\Nhipster\\api-server\\src\\web\\rest\\book.controller.ts","statementMap":{"0":{"start":{"line":1,"column":0},"end":{"line":1,"column":null}},"1":{"start":{"line":13,"column":0},"end":{"line":13,"column":null}},"2":{"start":{"line":19,"column":0},"end":{"line":19,"column":44}},"3":{"start":{"line":20,"column":0},"end":{"line":20,"column":57}},"4":{"start":{"line":21,"column":0},"end":{"line":21,"column":72}},"5":{"start":{"line":22,"column":0},"end":{"line":22,"column":54}},"6":{"start":{"line":23,"column":0},"end":{"line":23,"column":83}},"7":{"start":{"line":28,"column":0},"end":{"line":104,"column":null}},"8":{"start":{"line":31,"column":33},"end":{"line":31,"column":46}},"9":{"start":{"line":29,"column":4},"end":{"line":29,"column":42}},"10":{"start":{"line":40,"column":41},"end":{"line":43,"column":null}},"11":{"start":{"line":45,"column":33},"end":{"line":49,"column":10}},"12":{"start":{"line":50,"column":8},"end":{"line":53,"column":10}},"13":{"start":{"line":54,"column":8},"end":{"line":54,"column":23}},"14":{"start":{"line":64,"column":8},"end":{"line":64,"column":51}},"15":{"start":{"line":76,"column":24},"end":{"line":76,"column":57}},"16":{"start":{"line":77,"column":8},"end":{"line":77,"column":72}},"17":{"start":{"line":78,"column":8},"end":{"line":78,"column":23}},"18":{"start":{"line":89,"column":8},"end":{"line":89,"column":69}},"19":{"start":{"line":90,"column":8},"end":{"line":90,"column":51}},"20":{"start":{"line":100,"column":8},"end":{"line":100,"column":64}},"21":{"start":{"line":101,"column":25},"end":{"line":101,"column":60}},"22":{"start":{"line":102,"column":8},"end":{"line":102,"column":55}},"23":{"start":{"line":39,"column":4},"end":{"line":55,"column":null}},"24":{"start":{"line":63,"column":4},"end":{"line":65,"column":null}},"25":{"start":{"line":75,"column":4},"end":{"line":79,"column":null}},"26":{"start":{"line":88,"column":4},"end":{"line":91,"column":null}},"27":{"start":{"line":99,"column":4},"end":{"line":103,"column":null}},"28":{"start":{"line":28,"column":13},"end":{"line":104,"column":null}},"29":{"start":{"line":28,"column":13},"end":{"line":28,"column":27}}},"fnMap":{"0":{"name":"(anonymous_5)","decl":{"start":{"line":31,"column":4},"end":{"line":31,"column":33}},"loc":{"start":{"line":31,"column":57},"end":{"line":31,"column":61}}},"1":{"name":"(anonymous_6)","decl":{"start":{"line":39,"column":4},"end":{"line":39,"column":9}},"loc":{"start":{"line":39,"column":36},"end":{"line":55,"column":5}}},"2":{"name":"(anonymous_7)","decl":{"start":{"line":63,"column":4},"end":{"line":63,"column":9}},"loc":{"start":{"line":63,"column":40},"end":{"line":65,"column":5}}},"3":{"name":"(anonymous_8)","decl":{"start":{"line":75,"column":4},"end":{"line":75,"column":9}},"loc":{"start":{"line":75,"column":54},"end":{"line":79,"column":5}}},"4":{"name":"(anonymous_9)","decl":{"start":{"line":88,"column":4},"end":{"line":88,"column":9}},"loc":{"start":{"line":88,"column":53},"end":{"line":91,"column":5}}},"5":{"name":"(anonymous_10)","decl":{"start":{"line":99,"column":4},"end":{"line":99,"column":9}},"loc":{"start":{"line":99,"column":61},"end":{"line":103,"column":5}}}},"branchMap":{},"s":{"0":2,"1":2,"2":2,"3":2,"4":2,"5":2,"6":2,"7":2,"8":6,"9":6,"10":2,"11":2,"12":2,"13":2,"14":1,"15":1,"16":1,"17":1,"18":1,"19":1,"20":1,"21":1,"22":1,"23":2,"24":2,"25":2,"26":2,"27":2,"28":2,"29":2},"f":{"0":6,"1":2,"2":1,"3":1,"4":1,"5":1},"b":{}}
}
