TN:
SF:C:\2020\learning\Nhipster\api-server\src\app.module.ts
FNF:0
FNH:0
DA:1,2
DA:2,2
DA:3,2
DA:4,2
DA:5,2
DA:24,2
LF:6
LH:6
BRF:0
BRH:0
end_of_record
TN:
SF:C:\2020\learning\Nhipster\api-server\src\config.ts
FN:19,(anonymous_2)
FN:23,(anonymous_3)
FN:27,(anonymous_4)
FN:37,(anonymous_5)
FN:48,(anonymous_6)
FN:53,(anonymous_7)
FN:85,objectToArray
FN:102,ipAddress
FNF:8
FNH:8
FNDA:2,(anonymous_2)
FNDA:2,(anonymous_3)
FNDA:2,(anonymous_4)
FNDA:2,(anonymous_5)
FNDA:78,(anonymous_6)
FNDA:16,(anonymous_7)
FNDA:70,objectToArray
FNDA:2,ipAddress
DA:1,2
DA:2,2
DA:3,2
DA:4,2
DA:6,2
DA:8,2
DA:9,2
DA:11,2
DA:12,2
DA:13,2
DA:14,2
DA:15,2
DA:16,2
DA:17,2
DA:20,2
DA:24,2
DA:28,2
DA:29,2
DA:30,76
DA:31,76
DA:34,2
DA:38,2
DA:39,2
DA:40,78
DA:41,78
DA:42,78
DA:43,78
DA:50,78
DA:51,52
DA:53,16
DA:56,26
DA:60,2
DA:61,2
DA:67,2
DA:68,2
DA:69,2
DA:70,2
DA:71,0
DA:75,2
DA:77,2
DA:83,2
DA:86,70
DA:87,70
DA:88,216
DA:89,216
DA:90,216
DA:92,216
DA:93,64
DA:95,152
DA:99,70
DA:103,2
DA:104,2
DA:105,2
DA:106,2
DA:107,2
DA:108,4
DA:113,2
DA:119,0
LF:58
LH:56
BRDA:30,0,0,76
BRDA:30,0,1,0
BRDA:40,1,0,78
BRDA:40,1,1,0
BRDA:50,2,0,52
BRDA:50,2,1,26
BRDA:70,3,0,0
BRDA:70,3,1,2
BRDA:86,4,0,70
BRDA:86,4,1,6
BRDA:88,5,0,216
BRDA:88,5,1,0
BRDA:89,6,0,128
BRDA:89,6,1,88
BRDA:92,7,0,64
BRDA:92,7,1,152
BRDA:105,8,0,2
BRDA:105,8,1,0
BRDA:108,9,0,2
BRDA:108,9,1,2
BRDA:109,10,0,4
BRDA:109,10,1,2
BRDA:109,10,2,2
BRF:23
BRH:18
end_of_record
TN:
SF:C:\2020\learning\Nhipster\api-server\src\orm.config.ts
FNF:0
FNH:0
DA:3,2
DA:13,2
DA:25,2
DA:26,0
DA:40,2
DA:41,2
DA:54,2
LF:7
LH:6
BRDA:25,0,0,0
BRDA:25,0,1,2
BRDA:40,1,0,2
BRDA:40,1,1,0
BRF:4
BRH:2
end_of_record
TN:
SF:C:\2020\learning\Nhipster\api-server\src\client\header-util.ts
FN:9,(anonymous_0)
FN:14,(anonymous_1)
FN:22,(anonymous_2)
FN:29,(anonymous_3)
FN:37,(anonymous_4)
FN:54,(anonymous_5)
FNF:6
FNH:5
FNDA:3,(anonymous_0)
FNDA:2,(anonymous_1)
FNDA:0,(anonymous_2)
FNDA:1,(anonymous_3)
FNDA:1,(anonymous_4)
FNDA:2,(anonymous_5)
DA:1,2
DA:5,2
DA:6,2
DA:8,2
DA:10,3
DA:11,3
DA:15,2
DA:16,2
DA:19,2
DA:23,0
DA:26,0
DA:30,1
DA:31,1
DA:34,1
DA:38,1
DA:39,1
DA:40,1
DA:41,1
DA:42,1
DA:43,1
DA:44,0
DA:46,1
DA:47,0
DA:49,1
DA:50,1
DA:51,1
DA:55,2
DA:56,2
DA:57,2
DA:58,2
DA:59,2
LF:31
LH:27
BRDA:17,0,0,2
BRDA:17,0,1,0
BRDA:24,1,0,0
BRDA:24,1,1,0
BRDA:32,2,0,1
BRDA:32,2,1,0
BRDA:43,3,0,0
BRDA:43,3,1,1
BRDA:46,4,0,0
BRDA:46,4,1,1
BRF:10
BRH:4
end_of_record
TN:
SF:C:\2020\learning\Nhipster\api-server\src\client\interceptors\logging.interceptor.ts
FN:13,(anonymous_1)
FNF:1
FNH:1
FNDA:6,(anonymous_1)
DA:1,2
DA:12,2
DA:14,6
DA:15,6
DA:21,6
LF:5
LH:5
BRF:0
BRH:0
end_of_record
TN:
SF:C:\2020\learning\Nhipster\api-server\src\domain\book.entity.ts
FNF:0
FNH:0
DA:2,2
DA:13,2
DA:20,2
DA:22,2
DA:25,2
DA:28,2
DA:31,2
DA:34,2
LF:8
LH:8
BRF:0
BRH:0
end_of_record
TN:
SF:C:\2020\learning\Nhipster\api-server\src\domain\base\base.entity.ts
FNF:0
FNH:0
DA:1,2
DA:2,2
DA:4,2
DA:11,2
DA:14,2
DA:16,2
DA:18,2
DA:20,2
LF:8
LH:8
BRF:0
BRH:0
end_of_record
TN:
SF:C:\2020\learning\Nhipster\api-server\src\domain\base\pagination.entity.ts
FN:8,(anonymous_2)
FN:14,(anonymous_3)
FN:29,(anonymous_4)
FN:26,(anonymous_5)
FN:37,(anonymous_6)
FNF:5
FNH:4
FNDA:1,(anonymous_2)
FNDA:1,(anonymous_3)
FNDA:1,(anonymous_4)
FNDA:0,(anonymous_5)
FNDA:1,(anonymous_6)
DA:3,2
DA:5,2
DA:9,1
DA:10,1
DA:15,1
DA:16,1
DA:17,1
DA:21,2
DA:23,2
DA:25,2
DA:26,0
DA:27,2
DA:30,1
DA:31,1
DA:32,1
DA:36,2
DA:38,1
DA:39,1
DA:40,1
LF:19
LH:18
BRDA:9,0,0,1
BRDA:9,0,1,0
BRDA:30,1,0,1
BRDA:30,1,1,1
BRDA:31,2,0,1
BRDA:31,2,1,1
BRDA:32,3,0,0
BRDA:32,3,1,1
BRF:8
BRH:6
end_of_record
TN:
SF:C:\2020\learning\Nhipster\api-server\src\module\book.module.ts
FNF:0
FNH:0
DA:1,2
DA:2,2
DA:3,2
DA:4,2
DA:5,2
DA:13,2
LF:6
LH:6
BRF:0
BRH:0
end_of_record
TN:
SF:C:\2020\learning\Nhipster\api-server\src\module\management.module.ts
FNF:0
FNH:0
DA:1,2
DA:3,2
DA:8,2
LF:3
LH:3
BRF:0
BRH:0
end_of_record
TN:
SF:C:\2020\learning\Nhipster\api-server\src\repository\book.repository.ts
FNF:0
FNH:0
DA:1,2
DA:2,2
DA:5,2
LF:3
LH:3
BRF:0
BRH:0
end_of_record
TN:
SF:C:\2020\learning\Nhipster\api-server\src\service\book.service.ts
FN:11,(anonymous_4)
FN:15,(anonymous_5)
FN:19,(anonymous_6)
FN:23,(anonymous_7)
FN:29,(anonymous_8)
FN:33,(anonymous_9)
FN:37,(anonymous_10)
FNF:7
FNH:1
FNDA:1,(anonymous_4)
FNDA:0,(anonymous_5)
FNDA:0,(anonymous_6)
FNDA:0,(anonymous_7)
FNDA:0,(anonymous_8)
FNDA:0,(anonymous_9)
FNDA:0,(anonymous_10)
DA:1,2
DA:2,2
DA:5,2
DA:8,2
DA:9,1
DA:12,1
DA:16,0
DA:20,0
DA:26,0
DA:30,0
DA:34,0
DA:38,0
LF:12
LH:6
BRF:0
BRH:0
end_of_record
TN:
SF:C:\2020\learning\Nhipster\api-server\src\web\rest\book.controller.ts
FN:31,(anonymous_5)
FN:39,(anonymous_6)
FN:63,(anonymous_7)
FN:75,(anonymous_8)
FN:88,(anonymous_9)
FN:99,(anonymous_10)
FNF:6
FNH:6
FNDA:6,(anonymous_5)
FNDA:1,(anonymous_6)
FNDA:1,(anonymous_7)
FNDA:1,(anonymous_8)
FNDA:1,(anonymous_9)
FNDA:1,(anonymous_10)
DA:1,2
DA:13,2
DA:19,2
DA:20,2
DA:21,2
DA:22,2
DA:23,2
DA:28,2
DA:29,6
DA:31,6
DA:39,2
DA:40,1
DA:45,1
DA:50,1
DA:54,1
DA:63,2
DA:64,1
DA:75,2
DA:76,1
DA:77,1
DA:78,1
DA:88,2
DA:89,1
DA:90,1
DA:99,2
DA:100,1
DA:101,1
DA:102,1
LF:28
LH:28
BRF:0
BRH:0
end_of_record
TN:
SF:C:\2020\learning\Nhipster\api-server\src\web\rest\management.controller.ts
FN:5,(anonymous_2)
FN:18,(anonymous_3)
FNF:2
FNH:2
FNDA:6,(anonymous_2)
FNDA:1,(anonymous_3)
DA:1,2
DA:2,2
DA:3,2
DA:8,2
DA:9,6
DA:18,2
DA:19,1
LF:7
LH:7
BRF:0
BRH:0
end_of_record
